13:43:54	更新执行位置，当前文件位置 L:\0WorldMusicCreater-MFMS new edition\功能\v0.7.2\Musicreater\Musicreater.py
13:43:54	启动root.mainloop（窗口）
13:44:09	从midi导入音乐并采用新读取方式
13:44:29	生成附加包文件
13:44:29	=============================生成函数包文件夹
13:44:29	目录已有无需创建
13:44:29	=========================正在在此处生成文件:./temp/RyounPack/behavior_packs/Ryoun/functions/
13:44:29	写入第0个数据
13:44:29	写入第1个数据
13:44:29	写入第2个数据
13:44:30	增加版权语句
13:44:30	写入支持文件
13:44:30	写入开始文件
13:44:30	完成============================
13:44:30	完成============================
13:45:15	生成附加包文件
13:45:15	=============================生成函数包文件夹
13:45:15	已创建目录./temp/RyounPack/behavior_packs/Ryoun/functions
13:45:15	创建manifest.json以及world_behavior_packs.json
13:45:15	=========================正在在此处生成文件:./temp/RyounPack/behavior_packs/Ryoun/functions/
13:45:15	写入第0个数据
13:45:15	写入第1个数据
13:45:16	写入第2个数据
13:45:16	增加版权语句
13:45:16	写入支持文件
13:45:16	写入开始文件
13:45:16	完成============================
13:45:16	完成============================
13:46:57	生成附加包文件
13:46:57	=============================生成函数包文件夹
13:46:57	已创建目录./temp/RyounPack/behavior_packs/Ryoun/functions
13:46:57	创建manifest.json以及world_behavior_packs.json
13:46:57	=========================正在在此处生成文件:./temp/RyounPack/behavior_packs/Ryoun/functions/
13:46:57	写入第0个数据
13:46:57	写入第1个数据
13:46:58	写入第2个数据
13:46:58	增加版权语句
13:46:58	写入支持文件
13:46:58	写入开始文件
13:46:58	完成============================
13:46:58	完成============================
