14:03:10	更新执行位置，当前文件位置 L:\0WorldMusicCreater-MFMS new edition\功能\v0.7.2\Musicreater\Musicreater.py
14:03:10	启动root.mainloop（窗口）
14:03:12	从midi导入音乐并采用类读取方式
14:03:14	取消
14:03:16	从midi导入音乐并采用新读取方式
14:03:33	生成附加包文件
14:03:33	=============================生成函数包文件夹
14:03:33	已创建目录./temp/RyounPack/behavior_packs/Ryoun/functions
14:03:33	创建manifest.json以及world_behavior_packs.json
14:03:33	=========================正在在此处生成文件:./temp/RyounPack/behavior_packs/Ryoun/functions/
14:03:33	写入第0个数据
14:03:33	写入第1个数据
14:03:34	写入第2个数据
14:03:34	增加版权语句
14:03:34	写入支持文件
14:03:34	写入开始文件
14:03:34	完成============================
14:03:34	完成============================
14:04:07	退出
14:04:08	程序正常退出
